Determining if the pthread_create exist failed with the following output:
Change Dir: /home/ayadav/dev/robotics/nanodegree/Robotics-Software-Engineer-Udacity-master/P1-Build-My-World/build/CMakeFiles/CMakeTmp

Run Build Command:"/usr/bin/make" "cmTC_e6f96/fast"
/usr/bin/make -f CMakeFiles/cmTC_e6f96.dir/build.make CMakeFiles/cmTC_e6f96.dir/build
make[1]: Entering directory '/home/ayadav/dev/robotics/nanodegree/Robotics-Software-Engineer-Udacity-master/P1-Build-My-World/build/CMakeFiles/CMakeTmp'
Building C object CMakeFiles/cmTC_e6f96.dir/CheckSymbolExists.c.o
/usr/bin/cc     -o CMakeFiles/cmTC_e6f96.dir/CheckSymbolExists.c.o   -c /home/ayadav/dev/robotics/nanodegree/Robotics-Software-Engineer-Udacity-master/P1-Build-My-World/build/CMakeFiles/CMakeTmp/CheckSymbolExists.c
Linking C executable cmTC_e6f96
/usr/bin/cmake -E cmake_link_script CMakeFiles/cmTC_e6f96.dir/link.txt --verbose=1
/usr/bin/cc       CMakeFiles/cmTC_e6f96.dir/CheckSymbolExists.c.o  -o cmTC_e6f96 -rdynamic 
CMakeFiles/cmTC_e6f96.dir/CheckSymbolExists.c.o: In function `main':
CheckSymbolExists.c:(.text+0x16): undefined reference to `pthread_create'
collect2: error: ld returned 1 exit status
CMakeFiles/cmTC_e6f96.dir/build.make:97: recipe for target 'cmTC_e6f96' failed
make[1]: *** [cmTC_e6f96] Error 1
make[1]: Leaving directory '/home/ayadav/dev/robotics/nanodegree/Robotics-Software-Engineer-Udacity-master/P1-Build-My-World/build/CMakeFiles/CMakeTmp'
Makefile:126: recipe for target 'cmTC_e6f96/fast' failed
make: *** [cmTC_e6f96/fast] Error 2

File /home/ayadav/dev/robotics/nanodegree/Robotics-Software-Engineer-Udacity-master/P1-Build-My-World/build/CMakeFiles/CMakeTmp/CheckSymbolExists.c:
/* */
#include <pthread.h>

int main(int argc, char** argv)
{
  (void)argv;
#ifndef pthread_create
  return ((int*)(&pthread_create))[argc];
#else
  (void)argc;
  return 0;
#endif
}

Determining if the function pthread_create exists in the pthreads failed with the following output:
Change Dir: /home/ayadav/dev/robotics/nanodegree/Robotics-Software-Engineer-Udacity-master/P1-Build-My-World/build/CMakeFiles/CMakeTmp

Run Build Command:"/usr/bin/make" "cmTC_85372/fast"
/usr/bin/make -f CMakeFiles/cmTC_85372.dir/build.make CMakeFiles/cmTC_85372.dir/build
make[1]: Entering directory '/home/ayadav/dev/robotics/nanodegree/Robotics-Software-Engineer-Udacity-master/P1-Build-My-World/build/CMakeFiles/CMakeTmp'
Building C object CMakeFiles/cmTC_85372.dir/CheckFunctionExists.c.o
/usr/bin/cc    -DCHECK_FUNCTION_EXISTS=pthread_create   -o CMakeFiles/cmTC_85372.dir/CheckFunctionExists.c.o   -c /usr/share/cmake-3.5/Modules/CheckFunctionExists.c
Linking C executable cmTC_85372
/usr/bin/cmake -E cmake_link_script CMakeFiles/cmTC_85372.dir/link.txt --verbose=1
/usr/bin/cc   -DCHECK_FUNCTION_EXISTS=pthread_create    CMakeFiles/cmTC_85372.dir/CheckFunctionExists.c.o  -o cmTC_85372 -rdynamic -lpthreads 
/usr/bin/ld: cannot find -lpthreads
collect2: error: ld returned 1 exit status
CMakeFiles/cmTC_85372.dir/build.make:97: recipe for target 'cmTC_85372' failed
make[1]: *** [cmTC_85372] Error 1
make[1]: Leaving directory '/home/ayadav/dev/robotics/nanodegree/Robotics-Software-Engineer-Udacity-master/P1-Build-My-World/build/CMakeFiles/CMakeTmp'
Makefile:126: recipe for target 'cmTC_85372/fast' failed
make: *** [cmTC_85372/fast] Error 2


